[0.014s] Invoking command in '/home/gy/changshu/B-ROS2-chapter1/colcon_ws/build/interfaces1': CMAKE_PREFIX_PATH=/opt/ros/humble /usr/bin/cmake --build /home/gy/changshu/B-ROS2-chapter1/colcon_ws/build/interfaces1 -- -j20 -l20
[0.051s] -- Found ament_cmake: 1.3.8 (/opt/ros/humble/share/ament_cmake/cmake)
[0.229s] -- Found rclcpp: 16.0.8 (/opt/ros/humble/share/rclcpp/cmake)
[0.272s] -- Found rosidl_generator_c: 3.1.5 (/opt/ros/humble/share/rosidl_generator_c/cmake)
[0.275s] -- Found rosidl_adapter: 3.1.5 (/opt/ros/humble/share/rosidl_adapter/cmake)
[0.283s] -- Found rosidl_generator_cpp: 3.1.5 (/opt/ros/humble/share/rosidl_generator_cpp/cmake)
[0.297s] -- Using all available rosidl_typesupport_c: rosidl_typesupport_fastrtps_c;rosidl_typesupport_introspection_c
[0.326s] -- Using all available rosidl_typesupport_cpp: rosidl_typesupport_fastrtps_cpp;rosidl_typesupport_introspection_cpp
[0.437s] -- Found rmw_implementation_cmake: 6.1.1 (/opt/ros/humble/share/rmw_implementation_cmake/cmake)
[0.439s] -- Found rmw_fastrtps_cpp: 6.2.6 (/opt/ros/humble/share/rmw_fastrtps_cpp/cmake)
[0.619s] -- Using RMW implementation 'rmw_fastrtps_cpp' as default
[0.841s] -- Found rosidl_default_generators: 1.2.0 (/opt/ros/humble/share/rosidl_default_generators/cmake)
[1.078s] [31mCMake Error at /opt/ros/humble/share/rosidl_adapter/cmake/rosidl_adapt_interfaces.cmake:59 (message):
[1.078s]   execute_process(/usr/bin/python3 -m rosidl_adapter --package-name
[1.078s]   interfaces1 --arguments-file
[1.078s]   /home/gy/changshu/B-ROS2-chapter1/colcon_ws/build/interfaces1/rosidl_adapter__arguments__interfaces1.json
[1.079s]   --output-dir
[1.079s]   /home/gy/changshu/B-ROS2-chapter1/colcon_ws/build/interfaces1/rosidl_adapter/interfaces1
[1.079s]   --output-file
[1.079s]   /home/gy/changshu/B-ROS2-chapter1/colcon_ws/build/interfaces1/rosidl_adapter/interfaces1.idls)
[1.079s]   returned error code 1:
[1.079s] 
[1.079s]   Traceback (most recent call last):
[1.079s] 
[1.079s]     File "/usr/lib/python3.10/runpy.py", line 196, in _run_module_as_main
[1.079s]       return _run_code(code, main_globals, None,
[1.079s]     File "/usr/lib/python3.10/runpy.py", line 86, in _run_code
[1.079s]       exec(code, run_globals)
[1.079s]     File "/opt/ros/humble/local/lib/python3.10/dist-packages/rosidl_adapter/__main__.py", line 19, in <module>
[1.080s]       sys.exit(main())
[1.080s]     File "/opt/ros/humble/local/lib/python3.10/dist-packages/rosidl_adapter/main.py", line 53, in main
[1.080s]       abs_idl_file = convert_to_idl(
[1.080s]     File "/opt/ros/humble/local/lib/python3.10/dist-packages/rosidl_adapter/__init__.py", line 24, in convert_to_idl
[1.080s]       return convert_srv_to_idl(
[1.080s]     File "/opt/ros/humble/local/lib/python3.10/dist-packages/rosidl_adapter/srv/__init__.py", line 28, in convert_srv_to_idl
[1.080s]       srv = parse_service_string(package_name, input_file.stem, content)
[1.080s]     File "/opt/ros/humble/local/lib/python3.10/dist-packages/rosidl_adapter/parser.py", line 859, in parse_service_string
[1.080s]       request_message = parse_message_string(
[1.080s]     File "/opt/ros/humble/local/lib/python3.10/dist-packages/rosidl_adapter/parser.py", line 544, in parse_message_string
[1.080s]       msg = MessageSpecification(pkg_name, msg_name, fields, constants)
[1.080s]     File "/opt/ros/humble/local/lib/python3.10/dist-packages/rosidl_adapter/parser.py", line 388, in __init__
[1.080s]       self.base_type = BaseType(
[1.080s]     File "/opt/ros/humble/local/lib/python3.10/dist-packages/rosidl_adapter/parser.py", line 205, in __init__
[1.080s]       raise InvalidResourceName(
[1.080s] 
[1.081s]   rosidl_adapter.parser.InvalidResourceName: 'sermsg_Request' is an invalid
[1.081s]   message name.  It should have the pattern '^[A-Z][A-Za-z0-9]*$'
[1.081s] 
[1.081s] Call Stack (most recent call first):
[1.081s]   /opt/ros/humble/share/rosidl_cmake/cmake/rosidl_generate_interfaces.cmake:130 (rosidl_adapt_interfaces)
[1.081s]   CMakeLists.txt:15 (rosidl_generate_interfaces)
[1.081s] 
[1.081s] [0m
[1.081s] -- Configuring incomplete, errors occurred!
[1.081s] See also "/home/gy/changshu/B-ROS2-chapter1/colcon_ws/build/interfaces1/CMakeFiles/CMakeOutput.log".
[1.088s] gmake: *** [Makefile:747ï¼šcmake_check_build_system] é”™è¯¯ 1
[1.091s] Invoked command in '/home/gy/changshu/B-ROS2-chapter1/colcon_ws/build/interfaces1' returned '2': CMAKE_PREFIX_PATH=/opt/ros/humble /usr/bin/cmake --build /home/gy/changshu/B-ROS2-chapter1/colcon_ws/build/interfaces1 -- -j20 -l20
