[0.017s] Invoking command in '/home/gy/changshu/B-ROS2-chapter1/colcon_ws/build/services1': CMAKE_PREFIX_PATH=/home/gy/changshu/B-ROS2-chapter1/colcon_ws/install/interfaces1:/home/gy/changshu/B-ROS2-chapter1/colcon_ws/install/topic1:/opt/ros/humble LD_LIBRARY_PATH=/home/gy/changshu/B-ROS2-chapter1/colcon_ws/install/interfaces1/lib:/opt/ros/humble/opt/rviz_ogre_vendor/lib:/opt/ros/humble/lib/x86_64-linux-gnu:/opt/ros/humble/lib:/usr/local/cuda-11.7/lib64:/usr/local/cuda-11.7/lib64 /usr/bin/cmake /home/gy/changshu/B-ROS2-chapter1/colcon_ws/src/services1 -DCMAKE_INSTALL_PREFIX=/home/gy/changshu/B-ROS2-chapter1/colcon_ws/install/services1
[0.035s] -- Found ament_cmake: 1.3.8 (/opt/ros/humble/share/ament_cmake/cmake)
[0.224s] -- Found rclcpp: 16.0.8 (/opt/ros/humble/share/rclcpp/cmake)
[0.266s] -- Found rosidl_generator_c: 3.1.5 (/opt/ros/humble/share/rosidl_generator_c/cmake)
[0.269s] -- Found rosidl_adapter: 3.1.5 (/opt/ros/humble/share/rosidl_adapter/cmake)
[0.277s] -- Found rosidl_generator_cpp: 3.1.5 (/opt/ros/humble/share/rosidl_generator_cpp/cmake)
[0.292s] -- Using all available rosidl_typesupport_c: rosidl_typesupport_fastrtps_c;rosidl_typesupport_introspection_c
[0.315s] -- Using all available rosidl_typesupport_cpp: rosidl_typesupport_fastrtps_cpp;rosidl_typesupport_introspection_cpp
[0.415s] -- Found rmw_implementation_cmake: 6.1.1 (/opt/ros/humble/share/rmw_implementation_cmake/cmake)
[0.417s] -- Found rmw_fastrtps_cpp: 6.2.6 (/opt/ros/humble/share/rmw_fastrtps_cpp/cmake)
[0.617s] -- Using RMW implementation 'rmw_fastrtps_cpp' as default
[0.855s] -- Found interfaces1: 0.0.0 (/home/gy/changshu/B-ROS2-chapter1/colcon_ws/install/interfaces1/share/interfaces1/cmake)
[0.915s] -- Found ament_lint_auto: 0.12.10 (/opt/ros/humble/share/ament_lint_auto/cmake)
[1.020s] -- Added test 'cppcheck' to perform static code analysis on C / C++ code
[1.020s] -- Configured cppcheck include dirs: 
[1.020s] -- Configured cppcheck exclude dirs and/or files: 
[1.021s] -- Added test 'lint_cmake' to check CMake code style
[1.022s] -- Added test 'uncrustify' to check C / C++ code style
[1.023s] -- Configured uncrustify additional arguments: 
[1.023s] -- Added test 'xmllint' to check XML markup files
[1.028s] -- Configuring done
[1.045s] -- Generating done
[1.047s] -- Build files have been written to: /home/gy/changshu/B-ROS2-chapter1/colcon_ws/build/services1
[1.059s] Invoked command in '/home/gy/changshu/B-ROS2-chapter1/colcon_ws/build/services1' returned '0': CMAKE_PREFIX_PATH=/home/gy/changshu/B-ROS2-chapter1/colcon_ws/install/interfaces1:/home/gy/changshu/B-ROS2-chapter1/colcon_ws/install/topic1:/opt/ros/humble LD_LIBRARY_PATH=/home/gy/changshu/B-ROS2-chapter1/colcon_ws/install/interfaces1/lib:/opt/ros/humble/opt/rviz_ogre_vendor/lib:/opt/ros/humble/lib/x86_64-linux-gnu:/opt/ros/humble/lib:/usr/local/cuda-11.7/lib64:/usr/local/cuda-11.7/lib64 /usr/bin/cmake /home/gy/changshu/B-ROS2-chapter1/colcon_ws/src/services1 -DCMAKE_INSTALL_PREFIX=/home/gy/changshu/B-ROS2-chapter1/colcon_ws/install/services1
[1.062s] Invoking command in '/home/gy/changshu/B-ROS2-chapter1/colcon_ws/build/services1': CMAKE_PREFIX_PATH=/home/gy/changshu/B-ROS2-chapter1/colcon_ws/install/interfaces1:/home/gy/changshu/B-ROS2-chapter1/colcon_ws/install/topic1:/opt/ros/humble LD_LIBRARY_PATH=/home/gy/changshu/B-ROS2-chapter1/colcon_ws/install/interfaces1/lib:/opt/ros/humble/opt/rviz_ogre_vendor/lib:/opt/ros/humble/lib/x86_64-linux-gnu:/opt/ros/humble/lib:/usr/local/cuda-11.7/lib64:/usr/local/cuda-11.7/lib64 /usr/bin/cmake --build /home/gy/changshu/B-ROS2-chapter1/colcon_ws/build/services1 -- -j20 -l20
[1.127s] [ 25%] [32mBuilding CXX object CMakeFiles/ser.dir/src/ser.cpp.o[0m
[1.128s] [ 50%] [32mBuilding CXX object CMakeFiles/cli.dir/src/cli.cpp.o[0m
[1.447s] [01m[K/home/gy/changshu/B-ROS2-chapter1/colcon_ws/src/services1/src/cli.cpp:3:10:[m[K [01;31m[Kfatal error: [m[Kinterfaces1/srv/countthreeint.hpp: Ê≤°ÊúâÈÇ£‰∏™Êñá‰ª∂ÊàñÁõÆÂΩï
[1.447s]     3 | #include [01;31m[K"interfaces1/srv/countthreeint.hpp"[m[K
[1.447s]       |          [01;31m[K^~~~~~~~~~~~~~~~~~~~~~~~~~~~~~~~~~~[m[K
[1.447s] [01m[K/home/gy/changshu/B-ROS2-chapter1/colcon_ws/src/services1/src/ser.cpp:3:10:[m[K [01;31m[Kfatal error: [m[Kinterfaces1/srv/countthreeint.hpp: Ê≤°ÊúâÈÇ£‰∏™Êñá‰ª∂ÊàñÁõÆÂΩï
[1.447s]     3 | #include [01;31m[K"interfaces1/srv/countthreeint.hpp"[m[K  // ÊúçÂä°Êé•Âè£Â§¥Êñá‰ª∂
[1.447s]       |          [01;31m[K^~~~~~~~~~~~~~~~~~~~~~~~~~~~~~~~~~~[m[K
[1.447s] compilation terminated.
[1.447s] compilation terminated.
[1.451s] gmake[2]: *** [CMakeFiles/ser.dir/build.make:76ÔºöCMakeFiles/ser.dir/src/ser.cpp.o] ÈîôËØØ 1
[1.451s] gmake[2]: *** [CMakeFiles/cli.dir/build.make:76ÔºöCMakeFiles/cli.dir/src/cli.cpp.o] ÈîôËØØ 1
[1.452s] gmake[1]: *** [CMakeFiles/Makefile2:139ÔºöCMakeFiles/ser.dir/all] ÈîôËØØ 2
[1.452s] gmake[1]: *** Ê≠£Âú®Á≠âÂæÖÊú™ÂÆåÊàêÁöÑ‰ªªÂä°....
[1.452s] gmake[1]: *** [CMakeFiles/Makefile2:165ÔºöCMakeFiles/cli.dir/all] ÈîôËØØ 2
[1.452s] gmake: *** [Makefile:146Ôºöall] ÈîôËØØ 2
[1.457s] Invoked command in '/home/gy/changshu/B-ROS2-chapter1/colcon_ws/build/services1' returned '2': CMAKE_PREFIX_PATH=/home/gy/changshu/B-ROS2-chapter1/colcon_ws/install/interfaces1:/home/gy/changshu/B-ROS2-chapter1/colcon_ws/install/topic1:/opt/ros/humble LD_LIBRARY_PATH=/home/gy/changshu/B-ROS2-chapter1/colcon_ws/install/interfaces1/lib:/opt/ros/humble/opt/rviz_ogre_vendor/lib:/opt/ros/humble/lib/x86_64-linux-gnu:/opt/ros/humble/lib:/usr/local/cuda-11.7/lib64:/usr/local/cuda-11.7/lib64 /usr/bin/cmake --build /home/gy/changshu/B-ROS2-chapter1/colcon_ws/build/services1 -- -j20 -l20
